#
# There is insufficient memory for the Java Runtime Environment to continue.
# Native memory allocation (malloc) failed to allocate 246096 bytes for Chunk::new
# Possible reasons:
#   The system is out of physical RAM or swap space
#   The process is running with CompressedOops enabled, and the Java Heap may be blocking the growth of the native heap
# Possible solutions:
#   Reduce memory load on the system
#   Increase physical memory or swap space
#   Check if swap backing store is full
#   Decrease Java heap size (-Xmx/-Xms)
#   Decrease number of Java threads
#   Decrease Java thread stack sizes (-Xss)
#   Set larger code cache with -XX:ReservedCodeCacheSize=
#   JVM is running with Zero Based Compressed Oops mode in which the Java heap is
#     placed in the first 32GB address space. The Java Heap base address is the
#     maximum limit for the native heap growth. Please use -XX:HeapBaseMinAddress
#     to set the Java Heap base and to place the Java Heap above 32GB virtual address.
# This output file may be truncated or incomplete.
#
#  Out of Memory Error (allocation.cpp:389), pid=17352, tid=0x000000000000493c
#
# JRE version: Java(TM) SE Runtime Environment (8.0_221-b11) (build 1.8.0_221-b11)
# Java VM: Java HotSpot(TM) 64-Bit Server VM (25.221-b11 mixed mode windows-amd64 compressed oops)
# Failed to write core dump. Minidumps are not enabled by default on client versions of Windows
#

---------------  T H R E A D  ---------------

Current thread (0x000000001a0f6800):  JavaThread "C2 CompilerThread0" daemon [_thread_in_native, id=18748, stack(0x000000001b740000,0x000000001b840000)]

Stack: [0x000000001b740000,0x000000001b840000]
[error occurred during error reporting (printing stack bounds), id 0xc0000005]

Native frames: (J=compiled Java code, j=interpreted, Vv=VM code, C=native code)


Current CompileTask:
C2:    861  264       4       java.io.WinNTFileSystem::normalize (143 bytes)


---------------  P R O C E S S  ---------------

Java Threads: ( => current thread )
  0x000000001b97d000 JavaThread "Service Thread" daemon [_thread_blocked, id=20724, stack(0x000000001be40000,0x000000001bf40000)]
  0x000000001b950800 JavaThread "C1 CompilerThread2" daemon [_thread_blocked, id=14668, stack(0x000000001bd40000,0x000000001be40000)]
  0x000000001a140000 JavaThread "C2 CompilerThread1" daemon [_thread_blocked, id=14628, stack(0x000000001b840000,0x000000001b940000)]
=>0x000000001a0f6800 JavaThread "C2 CompilerThread0" daemon [_thread_in_native, id=18748, stack(0x000000001b740000,0x000000001b840000)]
  0x000000001a0f3800 JavaThread "Attach Listener" daemon [_thread_blocked, id=5196, stack(0x000000001b640000,0x000000001b740000)]
  0x000000001a0f2000 JavaThread "Signal Dispatcher" daemon [_thread_blocked, id=22308, stack(0x000000001b540000,0x000000001b640000)]
  0x000000000302d000 JavaThread "Finalizer" daemon [_thread_blocked, id=5136, stack(0x000000001b340000,0x000000001b440000)]
  0x0000000003027000 JavaThread "Reference Handler" daemon [_thread_blocked, id=1812, stack(0x000000001b240000,0x000000001b340000)]
  0x0000000002f36000 JavaThread "main" [_thread_blocked, id=20800, stack(0x0000000002e30000,0x0000000002f30000)]

Other Threads:
  0x000000001a0b7800 VMThread [stack: 0x000000001b140000,0x000000001b240000] [id=16664]
  0x000000001b97f000 WatcherThread [stack: 0x000000001bf40000,0x000000001c040000] [id=19700]

VM state:not at safepoint (normal execution)

VM Mutex/Monitor currently owned by a thread: None

heap address: 0x0000000701400000, size: 3052 MB, Compressed Oops mode: Zero based, Oop shift amount: 3
Narrow klass base: 0x0000000000000000, Narrow klass shift: 3
Compressed class space size: 1073741824 Address: 0x00000007c0000000

Heap:
 PSYoungGen      total 57344K, used 9832K [0x0000000780700000, 0x0000000784700000, 0x00000007c0000000)
  eden space 49152K, 20% used [0x0000000780700000,0x000000078109a118,0x0000000783700000)
  from space 8192K, 0% used [0x0000000783f00000,0x0000000783f00000,0x0000000784700000)
  to   space 8192K, 0% used [0x0000000783700000,0x0000000783700000,0x0000000783f00000)
 ParOldGen       total 131072K, used 0K [0x0000000701400000, 0x0000000709400000, 0x0000000780700000)
  object space 131072K, 0% used [0x0000000701400000,0x0000000701400000,0x0000000709400000)
 Metaspace       used 4971K, capacity 5178K, committed 5248K, reserved 1056768K
  class space    used 595K, capacity 625K, committed 640K, reserved 1048576K

Card table byte_map: [0x00000000123f0000,0x00000000129f0000] byte_map_base: 0x000000000ebe6000

Marking Bits: (ParMarkBitMap*) 0x000000005e4e5ce0
 Begin Bits: [0x00000000131f0000, 0x00000000161a0000)
 End Bits:   [0x00000000161a0000, 0x0000000019150000)

Polling page: 0x0000000000db0000

CodeCache: size=245760Kb used=2022Kb max_used=2034Kb free=243737Kb
 bounds [0x0000000003030000, 0x00000000032a0000, 0x0000000012030000]
 total_blobs=617 nmethods=337 adapters=193
 compilation: enabled

Compilation events (10 events):
Event: 0.809 Thread 0x000000001b950800  327       3       java.util.jar.Attributes$Name::isValid (45 bytes)
Event: 0.810 Thread 0x000000001b950800 nmethod 327 0x000000000321dc90 code [0x000000000321de60, 0x000000000321e7e8]
Event: 0.810 Thread 0x000000001b950800  328   !   3       sun.net.www.ParseUtil::decode (316 bytes)
Event: 0.815 Thread 0x000000001b950800 nmethod 328 0x0000000003220a10 code [0x0000000003220f20, 0x0000000003224888]
Event: 0.815 Thread 0x000000001b950800  329       1       java.util.jar.Manifest::getMainAttributes (5 bytes)
Event: 0.815 Thread 0x000000001b950800 nmethod 329 0x000000000321d5d0 code [0x000000000321d720, 0x000000000321d830]
Event: 0.816 Thread 0x000000001b950800  330       3       java.util.zip.ZipFile::getZipEntry (251 bytes)
Event: 0.817 Thread 0x000000001b950800 nmethod 330 0x0000000003226bd0 code [0x0000000003226e20, 0x0000000003227a48]
Event: 0.817 Thread 0x000000001b950800  331       1       java.util.jar.JarFile::access$300 (5 bytes)
Event: 0.817 Thread 0x000000001b950800 nmethod 331 0x0000000003227e90 code [0x0000000003227fe0, 0x00000000032280d0]

GC Heap History (0 events):
No events

Deoptimization events (1 events):
Event: 0.487 Thread 0x0000000002f36000 Uncommon trap: reason=unstable_if action=reinterpret pc=0x0000000003131ef4 method=java.lang.String.hashCode()I @ 14

Classes redefined (0 events):
No events

Internal exceptions (10 events):
Event: 0.481 Thread 0x0000000002f36000 Exception <a 'java/security/PrivilegedActionException'> (0x00000007809e9770) thrown at [C:\re\workspace\8-2-build-windows-amd64-cygwin\jdk8u221\13320\hotspot\src\share\vm\prims\jvm.cpp, line 1502]
Event: 0.481 Thread 0x0000000002f36000 Exception <a 'java/security/PrivilegedActionException'> (0x00000007809ea6d8) thrown at [C:\re\workspace\8-2-build-windows-amd64-cygwin\jdk8u221\13320\hotspot\src\share\vm\prims\jvm.cpp, line 1502]
Event: 0.481 Thread 0x0000000002f36000 Exception <a 'java/security/PrivilegedActionException'> (0x00000007809ea8e8) thrown at [C:\re\workspace\8-2-build-windows-amd64-cygwin\jdk8u221\13320\hotspot\src\share\vm\prims\jvm.cpp, line 1502]
Event: 0.481 Thread 0x0000000002f36000 Exception <a 'java/security/PrivilegedActionException'> (0x00000007809eb888) thrown at [C:\re\workspace\8-2-build-windows-amd64-cygwin\jdk8u221\13320\hotspot\src\share\vm\prims\jvm.cpp, line 1502]
Event: 0.481 Thread 0x0000000002f36000 Exception <a 'java/security/PrivilegedActionException'> (0x00000007809eba98) thrown at [C:\re\workspace\8-2-build-windows-amd64-cygwin\jdk8u221\13320\hotspot\src\share\vm\prims\jvm.cpp, line 1502]
Event: 0.754 Thread 0x0000000002f36000 Exception <a 'java/security/PrivilegedActionException'> (0x0000000780e744e8) thrown at [C:\re\workspace\8-2-build-windows-amd64-cygwin\jdk8u221\13320\hotspot\src\share\vm\prims\jvm.cpp, line 1502]
Event: 0.754 Thread 0x0000000002f36000 Exception <a 'java/security/PrivilegedActionException'> (0x0000000780e748e0) thrown at [C:\re\workspace\8-2-build-windows-amd64-cygwin\jdk8u221\13320\hotspot\src\share\vm\prims\jvm.cpp, line 1502]
Event: 0.756 Thread 0x0000000002f36000 Exception <a 'java/security/PrivilegedActionException'> (0x0000000780e78b08) thrown at [C:\re\workspace\8-2-build-windows-amd64-cygwin\jdk8u221\13320\hotspot\src\share\vm\prims\jvm.cpp, line 1502]
Event: 0.756 Thread 0x0000000002f36000 Exception <a 'java/security/PrivilegedActionException'> (0x0000000780e78f00) thrown at [C:\re\workspace\8-2-build-windows-amd64-cygwin\jdk8u221\13320\hotspot\src\share\vm\prims\jvm.cpp, line 1502]
Event: 0.814 Thread 0x0000000002f36000 Exception <a 'java/lang/reflect/InvocationTargetException'> (0x0000000780f9adf0) thrown at [C:\re\workspace\8-2-build-windows-amd64-cygwin\jdk8u221\13320\hotspot\src\share\vm\runtime\reflection.cpp, line 1092]

Events (10 events):
Event: 0.819 loading class org/junit/internal/Throwables
Event: 0.819 loading class org/junit/internal/Throwables done
Event: 0.820 loading class java/io/StringReader
Event: 0.820 loading class java/io/StringReader done
Event: 0.820 loading class java/lang/Throwable$WrappedPrintWriter
Event: 0.821 loading class java/lang/Throwable$PrintStreamOrWriter
Event: 0.821 loading class java/lang/Throwable$PrintStreamOrWriter done
Event: 0.821 loading class java/lang/Throwable$WrappedPrintWriter done
Event: 0.821 loading class java/util/IdentityHashMap$KeySet
Event: 0.821 loading class java/util/IdentityHashMap$KeySet done


Dynamic libraries:
0x00007ff79fdc0000 - 0x00007ff79fdf7000 	C:\Program Files\Java\jre1.8.0_221\bin\javaw.exe
0x00007ffb7a7c0000 - 0x00007ffb7a9b0000 	C:\Windows\SYSTEM32\ntdll.dll
0x00007ffb79f50000 - 0x00007ffb7a002000 	C:\Windows\System32\KERNEL32.DLL
0x00007ffb78150000 - 0x00007ffb783f3000 	C:\Windows\System32\KERNELBASE.dll
0x00007ffb78990000 - 0x00007ffb78a33000 	C:\Windows\System32\ADVAPI32.dll
0x00007ffb79840000 - 0x00007ffb798de000 	C:\Windows\System32\msvcrt.dll
0x00007ffb79eb0000 - 0x00007ffb79f47000 	C:\Windows\System32\sechost.dll
0x00007ffb79d90000 - 0x00007ffb79eb0000 	C:\Windows\System32\RPCRT4.dll
0x00007ffb79a90000 - 0x00007ffb79c24000 	C:\Windows\System32\USER32.dll
0x00007ffb78400000 - 0x00007ffb78421000 	C:\Windows\System32\win32u.dll
0x00007ffb796d0000 - 0x00007ffb796f6000 	C:\Windows\System32\GDI32.dll
0x00007ffb77fb0000 - 0x00007ffb78144000 	C:\Windows\System32\gdi32full.dll
0x00007ffb78720000 - 0x00007ffb787be000 	C:\Windows\System32\msvcp_win.dll
0x00007ffb78460000 - 0x00007ffb7855a000 	C:\Windows\System32\ucrtbase.dll
0x00007ffb65f70000 - 0x00007ffb661f5000 	C:\Windows\WinSxS\amd64_microsoft.windows.common-controls_6595b64144ccf1df_6.0.18362.418_none_e6c6b287130d565d\COMCTL32.dll
0x00007ffb78ac0000 - 0x00007ffb78df6000 	C:\Windows\System32\combase.dll
0x00007ffb77f30000 - 0x00007ffb77fb0000 	C:\Windows\System32\bcryptPrimitives.dll
0x00007ffb78fe0000 - 0x00007ffb7900e000 	C:\Windows\System32\IMM32.DLL
0x000000005ea90000 - 0x000000005eb62000 	C:\Program Files\Java\jre1.8.0_221\bin\msvcr100.dll
0x000000005dcc0000 - 0x000000005e565000 	C:\Program Files\Java\jre1.8.0_221\bin\server\jvm.dll
0x00007ffb7a700000 - 0x00007ffb7a708000 	C:\Windows\System32\PSAPI.DLL
0x00007ffb75860000 - 0x00007ffb75869000 	C:\Windows\SYSTEM32\WSOCK32.dll
0x00007ffb798e0000 - 0x00007ffb7994f000 	C:\Windows\System32\WS2_32.dll
0x00007ffb757c0000 - 0x00007ffb757e4000 	C:\Windows\SYSTEM32\WINMM.dll
0x00007ffb6cec0000 - 0x00007ffb6ceca000 	C:\Windows\SYSTEM32\VERSION.dll
0x00007ffb75790000 - 0x00007ffb757bd000 	C:\Windows\SYSTEM32\WINMMBASE.dll
0x00007ffb786b0000 - 0x00007ffb786fa000 	C:\Windows\System32\cfgmgr32.dll
0x00007ffb73980000 - 0x00007ffb7398f000 	C:\Program Files\Java\jre1.8.0_221\bin\verify.dll
0x00007ffb6d220000 - 0x00007ffb6d249000 	C:\Program Files\Java\jre1.8.0_221\bin\java.dll
0x00007ffb733b0000 - 0x00007ffb733c6000 	C:\Program Files\Java\jre1.8.0_221\bin\zip.dll
0x00007ffb7a010000 - 0x00007ffb7a6f5000 	C:\Windows\System32\SHELL32.dll
0x00007ffb78870000 - 0x00007ffb78919000 	C:\Windows\System32\shcore.dll
0x00007ffb777b0000 - 0x00007ffb77f2f000 	C:\Windows\System32\windows.storage.dll
0x00007ffb776a0000 - 0x00007ffb776bf000 	C:\Windows\System32\profapi.dll
0x00007ffb776e0000 - 0x00007ffb7772a000 	C:\Windows\System32\powrprof.dll
0x00007ffb77690000 - 0x00007ffb776a0000 	C:\Windows\System32\UMPDC.dll
0x00007ffb7a720000 - 0x00007ffb7a772000 	C:\Windows\System32\shlwapi.dll
0x00007ffb77730000 - 0x00007ffb77741000 	C:\Windows\System32\kernel.appcore.dll
0x00007ffb78700000 - 0x00007ffb78717000 	C:\Windows\System32\cryptsp.dll
0x00007ffb70db0000 - 0x00007ffb70dca000 	C:\Program Files\Java\jre1.8.0_221\bin\net.dll
0x00007ffb6f340000 - 0x00007ffb6f516000 	C:\Windows\SYSTEM32\urlmon.dll
0x00007ffb6b920000 - 0x00007ffb6bbc6000 	C:\Windows\SYSTEM32\iertutil.dll
0x00007ffb77070000 - 0x00007ffb7707c000 	C:\Windows\SYSTEM32\CRYPTBASE.DLL
0x00007ffb76ea0000 - 0x00007ffb76f07000 	C:\Windows\system32\mswsock.dll

VM Arguments:
jvm_args: -ea -Dfile.encoding=UTF-8 
java_command: org.eclipse.jdt.internal.junit.runner.RemoteTestRunner -version 3 -port 65079 -testLoaderClass org.eclipse.jdt.internal.junit4.runner.JUnit4TestLoader -loaderpluginname org.eclipse.jdt.junit4.runtime -classNames junitTesting.TestSuite
java_class_path (initial): C:\Users\Anudeep\workspace\APITesting\target\test-classes;C:\Users\Anudeep\workspace\APITesting\target\classes;C:\Users\Anudeep\Downloads\junit-4.13-rc-1.jar;C:\Users\Anudeep\.m2\repository\junit\junit\3.8.1\junit-3.8.1.jar;C:\Users\Anudeep\.m2\repository\io\rest-assured\rest-assured\3.0.0\rest-assured-3.0.0.jar;C:\Users\Anudeep\.m2\repository\org\codehaus\groovy\groovy\2.4.6\groovy-2.4.6.jar;C:\Users\Anudeep\.m2\repository\org\codehaus\groovy\groovy-xml\2.4.6\groovy-xml-2.4.6.jar;C:\Users\Anudeep\.m2\repository\org\apache\httpcomponents\httpclient\4.5.2\httpclient-4.5.2.jar;C:\Users\Anudeep\.m2\repository\org\apache\httpcomponents\httpmime\4.5.1\httpmime-4.5.1.jar;C:\Users\Anudeep\.m2\repository\org\hamcrest\hamcrest-core\1.3\hamcrest-core-1.3.jar;C:\Users\Anudeep\.m2\repository\org\hamcrest\hamcrest-library\1.3\hamcrest-library-1.3.jar;C:\Users\Anudeep\.m2\repository\org\ccil\cowan\tagsoup\tagsoup\1.2.1\tagsoup-1.2.1.jar;C:\Users\Anudeep\.m2\repository\io\rest-assured\json-path\3.0.0\json-path-3.0.0.jar;C:\Users\Anudeep\.m2\repository\org\codehaus\groovy\groovy-json\2.4.6\groovy-json-2.4.6.jar;C:\Users\Anudeep\.m2\repository\io\rest-assured\rest-assured-common\3.0.0\rest-assured-common-3.0.0.jar;C:\Users\Anudeep\.m2\repository\io\rest-assured\xml-path\3.0.0\xml-path-3.0.0.jar;C:\Users\Anudeep\.m2\repository\org\apache\poi\poi\3.17\poi-3.17.jar;C:\Users\Anudeep\.m2\repository\commons-codec\commons-codec\1.10\commons-codec-1.10.jar;C:\Users\Anudeep\.m2\repository\org\apache\commons\commons-collections4\4.1\commons-collections4-4.1.jar;C:\Users\Anudeep\.m2\repository\org\apache\xmlbeans\xmlbeans\2.6.0\xmlbeans-2.6.0.jar;C:\Users\Anudeep\.m2\repository\stax\stax-api\1.0.1\stax-api-1.0.1.jar;C:\Users\Anudeep\.m2\repository\org\apache\poi\ooxml-schemas\1.3\ooxml-schemas-1.3.jar;C:\Users\Anudeep\.m2\repository\org\codehaus\jackson\jackson-mapper-asl\1.9.3\jackson-mapper-asl-1.9.3.jar;C:\Users\Anudeep\.m2\repository\org\codehaus\jackson\jackso
Launcher Type: SUN_STANDARD

Environment Variables:
JAVA_HOME=C:\Program Files\Java\jdk1.8.0_221
PATH=C:/Program Files/Java/jre1.8.0_221/bin/server;C:/Program Files/Java/jre1.8.0_221/bin;C:/Program Files/Java/jre1.8.0_221/lib/amd64;C:\Program Files (x86)\Common Files\Oracle\Java\javapath;C:\Windows\system32;C:\Windows;C:\Windows\System32\Wbem;C:\Windows\System32\WindowsPowerShell\v1.0\;C:\Windows\System32\OpenSSH\;C:\Program Files\Git\cmd;C:\Program Files\Java\jdk1.8.0_221\bin;C:\ProgramData\Anaconda3\python;C:\Users\Anudeep\Downloads\apache-maven-3.6.2-bin\apache-maven-3.6.2\bin;C:\Program Files\nodejs\;C:\HashiCorp\Vagrant\bin;C:\Users\Anudeep\AppData\Roaming\npm;C:\Users\Anudeep\AppData\Local\Microsoft\WindowsApps;;C:\Users\Anudeep\AppData\Local\Programs\Microsoft VS Code\bin;C:\Users\Anudeep\AppData\Roaming\npm;C:\Users\Anudeep\Desktop;
USERNAME=Anudeep
OS=Windows_NT
PROCESSOR_IDENTIFIER=Intel64 Family 6 Model 61 Stepping 4, GenuineIntel



---------------  S Y S T E M  ---------------

OS: Windows 10.0 , 64 bit Build 18362 (10.0.18362.329)

CPU:total 4 (initial active 4) (2 cores per cpu, 2 threads per core) family 6 model 61 stepping 4, cmov, cx8, fxsr, mmx, sse, sse2, sse3, ssse3, sse4.1, sse4.2, popcnt, avx, avx2, aes, clmul, erms, 3dnowpref, lzcnt, ht, tsc, tscinvbit, bmi1, bmi2, adx

Memory: 4k page, physical 12495952k(6374120k free), swap 38013388k(9220k free)

vm_info: Java HotSpot(TM) 64-Bit Server VM (25.221-b11) for windows-amd64 JRE (1.8.0_221-b11), built on Jul  4 2019 04:39:29 by "java_re" with MS VC++ 10.0 (VS2010)

time: Sat Nov 16 08:11:23 2019
timezone: India Standard Time
elapsed time: 0 seconds (0d 0h 0m 0s)

